<?xml version="1.0" encoding="UTF-8"?>
<!-- Generated by org.testng.reporters.JUnitXMLReporter -->
<testsuite ignored="6" hostname="Mayas-MBP" failures="0" tests="1" name="Default test" time="0.043" errors="0" timestamp="2023-07-21T16:24:11 EDT">
  <testcase classname="test.BaseTest" name="@BeforeTest beforeTest" time="-1.68997105143E9">
    <failure type="org.testng.TestNGException" message="
Parameter &amp;apos;browser&amp;apos; is required by BeforeTest on method beforeTest but has not been marked @Optional or defined
in /private/var/folders/sw/7_rlxsz91y1clxx4vqk3tp6m0000gn/T/testng-eclipse--443051159/testng-customsuite.xml">
      <![CDATA[org.testng.TestNGException: 
Parameter 'browser' is required by BeforeTest on method beforeTest but has not been marked @Optional or defined
in /private/var/folders/sw/7_rlxsz91y1clxx4vqk3tp6m0000gn/T/testng-eclipse--443051159/testng-customsuite.xml
at org.testng.internal.Parameters.createParams(Parameters.java:270)
at org.testng.internal.Parameters.createParametersForMethod(Parameters.java:358)
at org.testng.internal.Parameters.createParameters(Parameters.java:700)
at org.testng.internal.Parameters.createConfigurationParameters(Parameters.java:168)
at org.testng.internal.ConfigInvoker.invokeConfigurations(ConfigInvoker.java:302)
at org.testng.TestRunner.invokeTestConfigurations(TestRunner.java:637)
at org.testng.TestRunner.beforeRun(TestRunner.java:627)
at org.testng.TestRunner.run(TestRunner.java:589)
at org.testng.SuiteRunner.runTest(SuiteRunner.java:377)
at org.testng.SuiteRunner.runSequentially(SuiteRunner.java:371)
at org.testng.SuiteRunner.privateRun(SuiteRunner.java:332)
at org.testng.SuiteRunner.run(SuiteRunner.java:276)
at org.testng.SuiteRunnerWorker.runSuite(SuiteRunnerWorker.java:53)
at org.testng.SuiteRunnerWorker.run(SuiteRunnerWorker.java:96)
at org.testng.TestNG.runSuitesSequentially(TestNG.java:1212)
at org.testng.TestNG.runSuitesLocally(TestNG.java:1134)
at org.testng.TestNG.runSuites(TestNG.java:1063)
at org.testng.TestNG.run(TestNG.java:1031)
at org.testng.remote.AbstractRemoteTestNG.run(AbstractRemoteTestNG.java:115)
at org.testng.remote.RemoteTestNG.initAndRun(RemoteTestNG.java:251)
at org.testng.remote.RemoteTestNG.main(RemoteTestNG.java:77)
]]>
    </failure>
  </testcase> <!-- @BeforeTest beforeTest -->
  <testcase classname="test.HomePageValidationTest" name="HPTC9" time="0.0">
    <skipped/>
  </testcase> <!-- HPTC9 -->
  <testcase classname="test.HomePageValidationTest" name="HPTC10" time="0.0">
    <ignored/>
  </testcase> <!-- HPTC10 -->
  <testcase classname="test.HomePageValidationTest" name="HPTC7" time="0.0">
    <ignored/>
  </testcase> <!-- HPTC7 -->
  <testcase classname="test.HomePageValidationTest" name="HPTC8" time="0.0">
    <ignored/>
  </testcase> <!-- HPTC8 -->
  <testcase classname="test.HomePageValidationTest" name="HPTC1" time="0.0">
    <ignored/>
  </testcase> <!-- HPTC1 -->
  <testcase classname="test.HomePageValidationTest" name="HPTC6" time="0.0">
    <ignored/>
  </testcase> <!-- HPTC6 -->
  <testcase classname="test.HomePageValidationTest" name="HPTC5" time="0.0">
    <ignored/>
  </testcase> <!-- HPTC5 -->
</testsuite> <!-- Default test -->
