<?xml version="1.0" encoding="UTF-8"?>
<!-- Generated by org.testng.reporters.JUnitReportReporter -->
<testsuite hostname="Mayas-MBP.lan" failures="0" tests="3" name="test.BasicValidation" time="-1685275520.000" errors="1" timestamp="2023-05-28T08:04:43 EDT" skipped="2">
  <testcase classname="test.BasicValidation" name="pageTitleValidation" time="0.000">
    <skipped/>
  </testcase> <!-- pageTitleValidation -->
  <system-out/>
  <testcase classname="test.BasicValidation" name="pageUrlValidation" time="0.000">
    <skipped/>
  </testcase> <!-- pageUrlValidation -->
  <system-out/>
  <testcase classname="test.BasicValidation" name="beforeTest" time="-1685275520.000">
    <error message="
Parameter &#039;browser&#039; is required by BeforeTest on method beforeTest but has not been marked @Optional or defined
in /private/var/folders/sw/7_rlxsz91y1clxx4vqk3tp6m0000gn/T/testng-eclipse--373228546/testng-customsuite.xml" type="org.testng.TestNGException">
      <![CDATA[org.testng.TestNGException: 
Parameter 'browser' is required by BeforeTest on method beforeTest but has not been marked @Optional or defined
in /private/var/folders/sw/7_rlxsz91y1clxx4vqk3tp6m0000gn/T/testng-eclipse--373228546/testng-customsuite.xml
at org.testng.internal.Parameters.createParams(Parameters.java:270)
at org.testng.internal.Parameters.createParametersForMethod(Parameters.java:358)
at org.testng.internal.Parameters.createParameters(Parameters.java:700)
at org.testng.internal.Parameters.createConfigurationParameters(Parameters.java:168)
at org.testng.internal.ConfigInvoker.invokeConfigurations(ConfigInvoker.java:302)
at org.testng.TestRunner.invokeTestConfigurations(TestRunner.java:637)
at org.testng.TestRunner.beforeRun(TestRunner.java:627)
at org.testng.TestRunner.run(TestRunner.java:589)
at org.testng.SuiteRunner.runTest(SuiteRunner.java:377)
at org.testng.SuiteRunner.runSequentially(SuiteRunner.java:371)
at org.testng.SuiteRunner.privateRun(SuiteRunner.java:332)
at org.testng.SuiteRunner.run(SuiteRunner.java:276)
at org.testng.SuiteRunnerWorker.runSuite(SuiteRunnerWorker.java:53)
at org.testng.SuiteRunnerWorker.run(SuiteRunnerWorker.java:96)
at org.testng.TestNG.runSuitesSequentially(TestNG.java:1212)
at org.testng.TestNG.runSuitesLocally(TestNG.java:1134)
at org.testng.TestNG.runSuites(TestNG.java:1063)
at org.testng.TestNG.run(TestNG.java:1031)
at org.testng.remote.AbstractRemoteTestNG.run(AbstractRemoteTestNG.java:115)
at org.testng.remote.RemoteTestNG.initAndRun(RemoteTestNG.java:251)
at org.testng.remote.RemoteTestNG.main(RemoteTestNG.java:77)
]]>
    </error>
  </testcase> <!-- beforeTest -->
  <system-out/>
</testsuite> <!-- test.BasicValidation -->
